Determining if the pthread_create exist failed with the following output:
Change Dir: /home/salabeta/robocomp/components/juro.robotics/chocamem/CMakeFiles/CMakeTmp

Run Build Command:"/usr/bin/make" "cmTC_e4815/fast"
/usr/bin/make -f CMakeFiles/cmTC_e4815.dir/build.make CMakeFiles/cmTC_e4815.dir/build
make[1]: se entra en el directorio '/home/salabeta/robocomp/components/juro.robotics/chocamem/CMakeFiles/CMakeTmp'
Building C object CMakeFiles/cmTC_e4815.dir/CheckSymbolExists.c.o
/usr/bin/cc    -o CMakeFiles/cmTC_e4815.dir/CheckSymbolExists.c.o   -c /home/salabeta/robocomp/components/juro.robotics/chocamem/CMakeFiles/CMakeTmp/CheckSymbolExists.c
Linking C executable cmTC_e4815
/usr/bin/cmake -E cmake_link_script CMakeFiles/cmTC_e4815.dir/link.txt --verbose=1
/usr/bin/cc      -rdynamic CMakeFiles/cmTC_e4815.dir/CheckSymbolExists.c.o  -o cmTC_e4815 
CMakeFiles/cmTC_e4815.dir/CheckSymbolExists.c.o: En la función `main':
CheckSymbolExists.c:(.text+0x1b): referencia a `pthread_create' sin definir
collect2: error: ld returned 1 exit status
CMakeFiles/cmTC_e4815.dir/build.make:97: recipe for target 'cmTC_e4815' failed
make[1]: *** [cmTC_e4815] Error 1
make[1]: se sale del directorio '/home/salabeta/robocomp/components/juro.robotics/chocamem/CMakeFiles/CMakeTmp'
Makefile:126: recipe for target 'cmTC_e4815/fast' failed
make: *** [cmTC_e4815/fast] Error 2

File /home/salabeta/robocomp/components/juro.robotics/chocamem/CMakeFiles/CMakeTmp/CheckSymbolExists.c:
/* */
#include <pthread.h>

int main(int argc, char** argv)
{
  (void)argv;
#ifndef pthread_create
  return ((int*)(&pthread_create))[argc];
#else
  (void)argc;
  return 0;
#endif
}

Determining if the function pthread_create exists in the pthreads failed with the following output:
Change Dir: /home/salabeta/robocomp/components/juro.robotics/chocamem/CMakeFiles/CMakeTmp

Run Build Command:"/usr/bin/make" "cmTC_99542/fast"
/usr/bin/make -f CMakeFiles/cmTC_99542.dir/build.make CMakeFiles/cmTC_99542.dir/build
make[1]: se entra en el directorio '/home/salabeta/robocomp/components/juro.robotics/chocamem/CMakeFiles/CMakeTmp'
Building C object CMakeFiles/cmTC_99542.dir/CheckFunctionExists.c.o
/usr/bin/cc   -DCHECK_FUNCTION_EXISTS=pthread_create   -o CMakeFiles/cmTC_99542.dir/CheckFunctionExists.c.o   -c /usr/share/cmake-3.10/Modules/CheckFunctionExists.c
Linking C executable cmTC_99542
/usr/bin/cmake -E cmake_link_script CMakeFiles/cmTC_99542.dir/link.txt --verbose=1
/usr/bin/cc  -DCHECK_FUNCTION_EXISTS=pthread_create    -rdynamic CMakeFiles/cmTC_99542.dir/CheckFunctionExists.c.o  -o cmTC_99542 -lpthreads 
/usr/bin/ld: no se puede encontrar -lpthreads
collect2: error: ld returned 1 exit status
CMakeFiles/cmTC_99542.dir/build.make:97: recipe for target 'cmTC_99542' failed
make[1]: *** [cmTC_99542] Error 1
make[1]: se sale del directorio '/home/salabeta/robocomp/components/juro.robotics/chocamem/CMakeFiles/CMakeTmp'
Makefile:126: recipe for target 'cmTC_99542/fast' failed
make: *** [cmTC_99542/fast] Error 2


